Starting preprocessing of the model file ...
Found 8 equation(s).
Evaluating expressions...done
Computing static model derivatives (order 1).
Computing dynamic model derivatives (order 2).
Processing outputs ...
done
Preprocessing completed.

STEADY-STATE RESULTS:

C 		 1.82917
L 		 0.729242
W 		 2.08361
R 		 0.0402284
I 		 0.508452
K 		 20.3381
Y 		 2.33763
A 		 1

EIGENVALUES:
         Modulus             Real        Imaginary

          0.9375           0.9375                0
            0.95             0.95                0
           1.068            1.068                0
       2.302e+18       -2.302e+18                0


There are 2 eigenvalue(s) larger than 1 in modulus 
for 3 forward-looking variable(s)

The rank condition ISN'T verified!

MODEL_DIAGNOSTICS:  No obvious problems with this mod-file were detected.
                                          Informations about dsge (dynamic model)
There is no block decomposition of the model.
Use 'block' model's option.
{Error using <a href="matlab:matlab.internal.language.introspective.errorDocCallback('print_info', 'C:\dynare\4.6.1\matlab\print_info.m', 32)" style="font-weight:bold">print_info</a> (<a href="matlab: opentoline('C:\dynare\4.6.1\matlab\print_info.m',32,0)">line 32</a>)
Blanchard & Kahn conditions are not satisfied: indeterminacy.

Error in <a href="matlab:matlab.internal.language.introspective.errorDocCallback('stoch_simul', 'C:\dynare\4.6.1\matlab\stoch_simul.m', 103)" style="font-weight:bold">stoch_simul</a> (<a href="matlab: opentoline('C:\dynare\4.6.1\matlab\stoch_simul.m',103,0)">line 103</a>)
    print_info(info, options_.noprint, options_);

Error in <a href="matlab:matlab.internal.language.introspective.errorDocCallback('dsge.driver', 'E:\DSGE\Understanding DSGE Models - Chapter 2\+dsge\driver.m', 208)" style="font-weight:bold">dsge.driver</a> (<a href="matlab: opentoline('E:\DSGE\Understanding DSGE Models - Chapter 2\+dsge\driver.m',208,0)">line 208</a>)
[info, oo_, options_, M_] = stoch_simul(M_, options_, oo_, var_list_);

Error in <a href="matlab:matlab.internal.language.introspective.errorDocCallback('dynare', 'C:\dynare\4.6.1\matlab\dynare.m', 293)" style="font-weight:bold">dynare</a> (<a href="matlab: opentoline('C:\dynare\4.6.1\matlab\dynare.m',293,0)">line 293</a>)
evalin('base',[fname '.driver']) ;
} 
dynare chapter2
Using 64-bit preprocessor
Starting Dynare (version 4.6.1).
Calling Dynare with arguments: none
Starting preprocessing of the model file ...
Found 8 equation(s).
Evaluating expressions...done
Computing static model derivatives (order 1).
Computing dynamic model derivatives (order 2).
Processing outputs ...
done
Preprocessing completed.

