Starting preprocessing of the model file ...
Found 9 equation(s).
Evaluating expressions...done
Computing static model derivatives (order 1).
Computing dynamic model derivatives (order 2).
Processing outputs ...
done
Preprocessing completed.

STEADY-STATE RESULTS:

b 		 1
k 		 3.59189
n 		 0.126705
y 		 0.746632
c 		 0.656835
i 		 0.0897974
r 		 0.010101
w 		 3.94809
l 		 0.873295

MODEL SUMMARY

  Number of variables:         9
  Number of stochastic shocks: 1
  Number of state variables:   2
  Number of jumpers:           4
  Number of static variables:  5


MATRIX OF COVARIANCE OF EXOGENOUS SHOCKS
Variables          eb
eb           0.100000

POLICY AND TRANSITION FUNCTIONS
                                   b               k               n               y               c               i               r               w               l
Constant                    1.000000        3.591864        0.126700        0.746612        0.656845        0.089766        0.010101        3.948139        0.873300
(correction)                       0       -0.000031       -0.000005       -0.000020        0.000010       -0.000031               0        0.000053        0.000005
b(-1)                       0.950000        0.632847        0.129393        0.986087        0.353240        0.632847        0.045769        1.182449       -0.129393
k(-1)                              0        0.938381       -0.007669        0.038318        0.074938       -0.036619       -0.007101        0.441581        0.007669
eb                         -0.010000       -0.006662       -0.001362       -0.010380       -0.003718       -0.006662       -0.000482       -0.012447        0.001362
b(-1),b(-1)                -0.023750        0.153317       -0.052040        0.172982        0.019665        0.153317       -0.006323        1.328729        0.052040
k(-1),b(-1)                        0        0.061066        0.000145        0.082100        0.021034        0.061066       -0.006696        0.050232       -0.000145
k(-1),k(-1)                        0       -0.001347        0.000837       -0.006175       -0.004829       -0.001347        0.001542       -0.032022       -0.000837
eb,eb                       0.000050        0.000052        0.000001        0.000074        0.000022        0.000052        0.000002        0.000213       -0.000001
b(-1),eb                   -0.009500       -0.009889       -0.000266       -0.014022       -0.004132       -0.009889       -0.000349       -0.040420        0.000266
k(-1),eb                           0       -0.000643       -0.000002       -0.000864       -0.000221       -0.000643        0.000070       -0.000529        0.000002


APPROXIMATED THEORETICAL MOMENTS
VARIABLE         MEAN  STD. DEV.   VARIANCE
b              1.0001     0.0101     0.0001
k              3.5927     0.0815     0.0066
n              0.1267     0.0010     0.0000
y              0.7467     0.0130     0.0002
c              0.6569     0.0092     0.0001
i              0.0898     0.0050     0.0000
r              0.0101     0.0004     0.0000
w              3.9485     0.0459     0.0021
l              0.8733     0.0010     0.0000



APPROXIMATED MATRIX OF CORRELATIONS
Variables         b       k       n       y       c       i       r       w       l
b            1.0000  0.7628  0.9068  0.9861  0.8895  0.9124  0.1695  0.8418 -0.9068
k            0.7628  1.0000  0.4191  0.8596  0.9740  0.4312 -0.5080  0.9912 -0.4191
n            0.9068  0.4191  1.0000  0.8242  0.6140  0.9999  0.5691  0.5359 -1.0000
y            0.9861  0.8596  0.8242  1.0000  0.9530  0.8317  0.0035  0.9198 -0.8242
c            0.8895  0.9740  0.6140  0.9530  1.0000  0.6245 -0.2996  0.9954 -0.6140
i            0.9124  0.4312  0.9999  0.8317  0.6245  1.0000  0.5581  0.5472 -0.9999
r            0.1695 -0.5080  0.5691  0.0035 -0.2996  0.5581  1.0000 -0.3892 -0.5691
w            0.8418  0.9912  0.5359  0.9198  0.9954  0.5472 -0.3892  1.0000 -0.5359
l           -0.9068 -0.4191 -1.0000 -0.8242 -0.6140 -0.9999 -0.5691 -0.5359  1.0000



APPROXIMATED COEFFICIENTS OF AUTOCORRELATION
Order          1       2       3       4       5
b         0.9500  0.9025  0.8574  0.8145  0.7738
k         0.9984  0.9938  0.9867  0.9774  0.9660
n         0.9067  0.8207  0.7415  0.6687  0.6017
y         0.9674  0.9353  0.9038  0.8729  0.8428
c         0.9914  0.9808  0.9682  0.9540  0.9385
i         0.9078  0.8227  0.7444  0.6723  0.6059
r         0.9207  0.8471  0.7790  0.7158  0.6573
w         0.9956  0.9887  0.9795  0.9682  0.9552
l         0.9067  0.8207  0.7415  0.6687  0.6017
Total computing time : 0h00m02s
