Starting preprocessing of the model file ...
Found 12 equation(s).
Evaluating expressions...done
Computing static model derivatives (order 1).
Computing dynamic model derivatives (order 2).
Processing outputs ...
done
Preprocessing completed.




Residuals of the static equations:

Equation number 1 : 0 : Euler Equation
Equation number 2 : 0 : Labour supply
Equation number 3 : 0 : Relation bounds and assets
Equation number 4 : 0 : Law of motion of capital
Equation number 5 : 0 : tecnology
Equation number 6 : 0 : minimization costs
Equation number 7 : 0 : w
Equation number 8 : 0 : Identity
Equation number 9 : 0 : Shocks
Equation number 10 : 0 : 10
Equation number 11 : 0 : 11
Equation number 12 : 0 : 12



STEADY-STATE RESULTS:

c   		 0.671172
k   		 12.6631
y   		 1.23469
r   		 1.0101
i   		 0.316577
w   		 2.3706
z   		 0.035101
h   		 0.333333
e_a 		 1
e_g 		 1
e_c 		 1
e_i 		 1

MODEL SUMMARY

  Number of variables:         12
  Number of stochastic shocks: 4
  Number of state variables:   6
  Number of jumpers:           4
  Number of static variables:  5


MATRIX OF COVARIANCE OF EXOGENOUS SHOCKS
Variables         n_a       n_g       n_c       n_i
n_a          0.000100  0.000000  0.000000  0.000000
n_g          0.000000  0.000100  0.000000  0.000000
n_c          0.000000  0.000000  0.000100  0.000000
n_i          0.000000  0.000000  0.000000  0.000100

POLICY AND TRANSITION FUNCTIONS
                                   y               c               k               i               h               w               r               z
Constant                    1.234692        0.671165       12.663098        0.316590        0.333336        2.370591        1.010153        0.035101
(correction)                0.000006       -0.000007        0.000013        0.000013        0.000003       -0.000007        0.000052               0
k(-1)                       0.041773        0.011374        1.005400        0.030400        0.002815        0.060188       -0.001779       -0.001584
e_a(-1)                     1.631206        0.108264        1.522942        1.522942        0.193307        1.757154        0.039874        0.046374
e_g(-1)                     0.023629       -0.027295       -0.183666       -0.183666        0.009968       -0.025519        0.001375        0.000672
c(-1)                      -0.574325        0.663428       -1.237752       -1.237752       -0.242270        0.620271       -0.008871       -0.016328
e_c(-1)                    -0.082413        0.095199       -0.177611       -0.177611       -0.034765        0.089006       -0.003499       -0.002343
e_i(-1)                     0.106533       -0.123061        0.530342        0.229594        0.044939       -0.115056        0.083705        0.003029
n_a                         1.717059        0.113962        1.603096        1.603096        0.203481        1.849635        0.041973        0.048814
n_g                         0.024873       -0.028731       -0.193333       -0.193333        0.010492       -0.026862        0.001447        0.000707
n_c                        -0.086750        0.100209       -0.186959       -0.186959       -0.036594        0.093690       -0.003683       -0.002466
n_i                         0.112140       -0.129538        0.558255        0.241678        0.047305       -0.121111        0.088110        0.003188
k(-1),k(-1)                -0.001105       -0.000165       -0.000939       -0.000939       -0.000168       -0.001437        0.000112        0.000094
e_a(-1),k(-1)               0.054781        0.002305        0.052476        0.052476        0.001460        0.045053       -0.001891       -0.002105
e_a(-1),e_a(-1)             0.236139       -0.015607        0.251746        0.251746       -0.051482       -0.199496        0.000368        0.006713
e_g(-1),k(-1)               0.000502       -0.000119        0.000622        0.000622       -0.000041       -0.000327       -0.000118       -0.000039
e_g(-1),e_a(-1)             0.023823        0.004139        0.019684        0.019684        0.002661       -0.010930        0.001027        0.000677
e_g(-1),e_g(-1)            -0.004014        0.005453       -0.003602       -0.003602       -0.001639        0.004716       -0.000154       -0.000114
c(-1),k(-1)                -0.010312        0.000708       -0.011019       -0.011019        0.001801        0.005899        0.000601        0.000996
c(-1),e_a(-1)              -0.656373       -0.011267       -0.645105       -0.645105       -0.097303        0.349174       -0.005871       -0.018660
c(-1),e_g(-1)              -0.033223       -0.001299       -0.031925       -0.031925       -0.016623        0.017334       -0.000949       -0.000945
c(-1),c(-1)                 0.413446        0.004596        0.408850        0.408850        0.206101       -0.221112        0.003776        0.011754
e_c(-1),k(-1)              -0.006879        0.006338       -0.013217       -0.013217       -0.002019        0.006678        0.000034       -0.000011
e_c(-1),e_a(-1)            -0.141379        0.052897       -0.194276       -0.194276       -0.033870        0.101073       -0.004819       -0.004019
e_c(-1),e_g(-1)             0.008369       -0.015361        0.023729        0.023729        0.003156       -0.011700        0.000184        0.000238
e_c(-1),c(-1)               0.135214       -0.017808        0.153022        0.153022        0.066134       -0.081340        0.003775        0.003844
e_c(-1),e_c(-1)             0.038678       -0.034750        0.073429        0.073429        0.016968       -0.037131        0.001941        0.001100
e_i(-1),k(-1)               0.008489       -0.007728        0.045096        0.016217        0.002440       -0.008196       -0.001729        0.000002
e_i(-1),e_a(-1)             0.145336       -0.025153        1.617284        0.170489        0.027998       -0.090240        0.039851        0.004132
e_i(-1),e_g(-1)            -0.003903        0.011868       -0.190254       -0.015771       -0.001163        0.007655        0.001584       -0.000111
e_i(-1),c(-1)              -0.150436       -0.005108       -1.321193       -0.145328       -0.075218        0.078848       -0.010489       -0.004277
e_i(-1),e_c(-1)             0.027548       -0.057490       -0.083693        0.085038        0.009933       -0.041751       -0.002609        0.000783
e_i(-1),e_i(-1)            -0.079337        0.108237        0.023021       -0.187574       -0.032377        0.093440       -0.022317       -0.002255
n_a,n_a                     1.165365        0.042687        1.122678        1.122678        0.050052        0.752444        0.022499        0.033130
n_g,n_a                     0.026397        0.004586        0.021811        0.021811        0.002949       -0.012110        0.001138        0.000750
n_g,n_g                     0.008644       -0.009080       -0.105745       -0.105745        0.003706       -0.008912        0.000591        0.000246
n_c,n_a                    -0.156653        0.058612       -0.215265       -0.215265       -0.037529        0.111992       -0.005339       -0.004453
n_c,n_g                     0.009273       -0.017020        0.026293        0.026293        0.003497       -0.012964        0.000203        0.000264
n_c,n_c                    -0.002801        0.014237       -0.017038       -0.017038       -0.000459        0.008168        0.000212       -0.000080
n_i,n_a                     0.161037       -0.027870        1.792004        0.188908        0.031022       -0.099989        0.044156        0.004578
n_i,n_g                    -0.004324        0.013150       -0.210807       -0.017474       -0.001288        0.008482        0.001755       -0.000123
n_i,n_c                     0.030524       -0.063701       -0.092734        0.094225        0.011006       -0.046262       -0.002890        0.000868
n_i,n_i                    -0.028887        0.051752        0.319327       -0.080640       -0.010977        0.039792        0.021646       -0.000821
k(-1),n_a                   0.057665        0.002426        0.055238        0.055238        0.001537        0.047424       -0.001991       -0.002216
k(-1),n_g                   0.000529       -0.000126        0.000654        0.000654       -0.000043       -0.000344       -0.000124       -0.000041
k(-1),n_c                  -0.007241        0.006672       -0.013913       -0.013913       -0.002125        0.007029        0.000036       -0.000011
k(-1),n_i                   0.008936       -0.008134        0.047470        0.017070        0.002568       -0.008628       -0.001820        0.000002
e_a(-1),n_a                 2.214193        0.081106        2.133088        2.133088        0.095098        1.429644        0.042749        0.062948
e_a(-1),n_g                 0.025077        0.004357        0.020720        0.020720        0.002801       -0.011505        0.001081        0.000713
e_a(-1),n_c                -0.148820        0.055682       -0.204501       -0.204501       -0.035653        0.106392       -0.005072       -0.004231
e_a(-1),n_i                 0.152986       -0.026477        1.702404        0.179462        0.029471       -0.094989        0.041948        0.004349
e_g(-1),n_a                 0.025077        0.004357        0.020720        0.020720        0.002801       -0.011505        0.001081        0.000713
e_g(-1),n_g                 0.016423       -0.017252       -0.200915       -0.200915        0.007041       -0.016933        0.001123        0.000467
e_g(-1),n_c                 0.008809       -0.016169        0.024978        0.024978        0.003322       -0.012316        0.000193        0.000250
e_g(-1),n_i                -0.004108        0.012492       -0.200267       -0.016601       -0.001224        0.008058        0.001667       -0.000117
c(-1),n_a                  -0.690919       -0.011860       -0.679058       -0.679058       -0.102425        0.367552       -0.006181       -0.019642
c(-1),n_g                  -0.034972       -0.001367       -0.033605       -0.033605       -0.017498        0.018246       -0.000999       -0.000994
c(-1),n_c                   0.142330       -0.018746        0.161076        0.161076        0.069615       -0.085621        0.003973        0.004046
c(-1),n_i                  -0.158354       -0.005377       -1.390729       -0.152977       -0.079177        0.082998       -0.011041       -0.004502
e_c(-1),n_a                -0.148820        0.055682       -0.204501       -0.204501       -0.035653        0.106392       -0.005072       -0.004231
e_c(-1),n_g                 0.008809       -0.016169        0.024978        0.024978        0.003322       -0.012316        0.000193        0.000250
e_c(-1),n_c                -0.005322        0.027051       -0.032373       -0.032373       -0.000871        0.015520        0.000404       -0.000151
e_c(-1),n_i                 0.028997       -0.060516       -0.088098        0.089514        0.010456       -0.043948       -0.002746        0.000824
e_i(-1),n_a                 0.152986       -0.026477        1.702404        0.179462        0.029471       -0.094989        0.041948        0.004349
e_i(-1),n_g                -0.004108        0.012492       -0.200267       -0.016601       -0.001224        0.008058        0.001667       -0.000117
e_i(-1),n_c                 0.028997       -0.060516       -0.088098        0.089514        0.010456       -0.043948       -0.002746        0.000824
e_i(-1),n_i                -0.054886        0.098329        0.606721       -0.153215       -0.020857        0.075605        0.041127       -0.001560


APPROXIMATED THEORETICAL MOMENTS
VARIABLE         MEAN  STD. DEV.   VARIANCE
y              1.2372     0.0677     0.0046
c              0.6728     0.0369     0.0014
k             12.7235     0.9925     0.9851
i              0.3173     0.0465     0.0022
h              0.3333     0.0064     0.0000
w              2.3753     0.1219     0.0149
r              1.0102     0.0027     0.0000
z              0.0351     0.0018     0.0000



APPROXIMATED VARIANCE DECOMPOSITION (in percent)
        n_a     n_g     n_c     n_i
y     84.42    0.04    4.43   11.11
c     74.75    1.25    5.71   18.29
k     50.76    0.29   10.94   38.01
i     68.93    0.55   11.61   18.91
h     47.11    3.26   18.22   31.42
w     84.13    0.28    3.23   12.36
r     18.27    0.39    4.51   76.83
z     49.19    0.89   10.34   39.59



APPROXIMATED MATRIX OF CORRELATIONS
Variables         y       c       k       i       h       w       r       z
y            1.0000  0.7542  0.7849  0.8549  0.3487  0.9364  0.1683 -0.0938
c            0.7542  1.0000  0.8585  0.3224 -0.3524  0.9366 -0.3518 -0.5174
k            0.7849  0.8585  1.0000  0.4692 -0.1068  0.8774 -0.0830 -0.6900
i            0.8549  0.3224  0.4692  1.0000  0.7583  0.6283  0.5145  0.2600
h            0.3487 -0.3524 -0.1068  0.7583  1.0000 -0.0022  0.7420  0.6048
w            0.9364  0.9366  0.8774  0.6283 -0.0022  1.0000 -0.0982 -0.3264
r            0.1683 -0.3518 -0.0830  0.5145  0.7420 -0.0982  1.0000  0.3621
z           -0.0938 -0.5174 -0.6900  0.2600  0.6048 -0.3264  0.3621  1.0000



APPROXIMATED COEFFICIENTS OF AUTOCORRELATION
Order          1       2       3       4       5
y         0.9667  0.9346  0.9035  0.8735  0.8443
c         0.9966  0.9882  0.9763  0.9619  0.9455
k         0.9989  0.9959  0.9911  0.9847  0.9768
i         0.9328  0.8681  0.8064  0.7478  0.6923
h         0.9366  0.8705  0.8040  0.7385  0.6751
w         0.9880  0.9742  0.9590  0.9428  0.9258
r         0.9316  0.8650  0.8009  0.7398  0.6817
z         0.9584  0.9194  0.8826  0.8477  0.8144
Total computing time : 0h00m06s
