Starting preprocessing of the model file ...
Found 12 equation(s).
Evaluating expressions...done
Computing static model derivatives (order 1).
Computing dynamic model derivatives (order 2).
Processing outputs ...
done
Preprocessing completed.




Residuals of the static equations:

Equation number 1 : 0 : Euler Equation
Equation number 2 : 0 : Labour supply
Equation number 3 : 0 : Relation bounds and assets
Equation number 4 : 0 : Law of motion of capital
Equation number 5 : 0 : tecnology
Equation number 6 : 0 : minimization costs
Equation number 7 : 0 : w
Equation number 8 : 0 : Identity
Equation number 9 : 0 : Shocks
Equation number 10 : 0 : 10
Equation number 11 : 0 : 11
Equation number 12 : 0 : 12



STEADY-STATE RESULTS:

c   		 0.671172
k   		 12.6631
y   		 1.23469
r   		 1.0101
i   		 0.316577
w   		 2.3706
z   		 0.035101
h   		 0.333333
e_a 		 1
e_g 		 1
e_c 		 1
e_i 		 1

MODEL SUMMARY

  Number of variables:         12
  Number of stochastic shocks: 4
  Number of state variables:   5
  Number of jumpers:           4
  Number of static variables:  5


MATRIX OF COVARIANCE OF EXOGENOUS SHOCKS
Variables         n_a       n_g       n_c       n_i
n_a          0.000100  0.000000  0.000000  0.000000
n_g          0.000000  0.000100  0.000000  0.000000
n_c          0.000000  0.000000  0.000100  0.000000
n_i          0.000000  0.000000  0.000000  0.000100

POLICY AND TRANSITION FUNCTIONS
                                   y               c               k               i               h               w               r               z
Constant                    1.234703        0.671153       12.663120        0.316612        0.333340        2.370580        1.010153        0.035101
(correction)                0.000016       -0.000019        0.000035        0.000035        0.000007       -0.000018        0.000052               0
k(-1)                       0.021040        0.035324        0.960716       -0.014284       -0.005932        0.082580       -0.002088       -0.002174
e_a(-1)                     1.452213        0.315027        1.137186        1.137186        0.117802        1.950466        0.036749        0.041285
e_g(-1)                     0.072451       -0.083691       -0.078448       -0.078448        0.030562       -0.078247        0.002127        0.002060
e_c(-1)                    -0.267788        0.309333       -0.577121       -0.577121       -0.112962        0.289211       -0.005978       -0.007613
e_i(-1)                     0.351712       -0.406278        1.058738        0.757989        0.148364       -0.379849        0.086856        0.009999
n_a                         1.528645        0.331607        1.197038        1.197038        0.124002        2.053122        0.038683        0.043458
n_g                         0.076264       -0.088096       -0.082577       -0.082577        0.032171       -0.082365        0.002239        0.002168
n_c                        -0.281882        0.325614       -0.607496       -0.607496       -0.118908        0.304432       -0.006292       -0.008014
n_i                         0.370223       -0.427661        1.114461        0.797883        0.156173       -0.399841        0.091427        0.010525
k(-1),k(-1)                -0.000705       -0.000403       -0.000302       -0.000302        0.000264       -0.001764        0.000141        0.000152
e_a(-1),k(-1)               0.032924        0.007134        0.025790        0.025790        0.001353        0.059113       -0.001846       -0.002324
e_a(-1),e_a(-1)             0.104032       -0.055982        0.160015        0.160015       -0.048164       -0.147033       -0.000974        0.002958
e_g(-1),k(-1)              -0.001822       -0.000874       -0.000949       -0.000949       -0.001833        0.000576       -0.000217       -0.000214
e_g(-1),e_a(-1)             0.039514        0.013509        0.026005        0.026005       -0.008477       -0.015022        0.000872        0.001123
e_g(-1),e_g(-1)            -0.008198        0.017143       -0.019476       -0.019476       -0.002954        0.012441       -0.000200       -0.000233
e_c(-1),k(-1)              -0.007913        0.020149       -0.028062       -0.028062        0.000597        0.013692        0.000236        0.000376
e_c(-1),e_a(-1)            -0.305983        0.134814       -0.440797       -0.440797       -0.036132        0.228253       -0.005411       -0.008699
e_c(-1),e_g(-1)            -0.008200       -0.047252        0.039052        0.039052       -0.007187       -0.017661       -0.000192       -0.000233
e_c(-1),e_c(-1)             0.188664       -0.113105        0.301769        0.301769        0.086476       -0.154752        0.004210        0.005364
e_i(-1),k(-1)               0.011114       -0.027297        0.024842        0.038412       -0.000480       -0.018762       -0.002162       -0.000474
e_i(-1),e_a(-1)             0.320190       -0.082703        1.483220        0.402893        0.012997       -0.211564        0.037418        0.009103
e_i(-1),e_g(-1)             0.026741        0.043611       -0.091397       -0.016871        0.016177        0.005947        0.002700        0.000760
e_i(-1),e_c(-1)            -0.059784       -0.206305       -0.401745        0.146520       -0.043319       -0.064159       -0.005887       -0.001700
e_i(-1),e_i(-1)            -0.169454        0.376575        0.166543       -0.546028       -0.059595        0.267544       -0.021306       -0.004817
n_a,n_a                     0.919821        0.112500        0.807321        0.807321        0.011897        0.917674        0.019280        0.026150
n_g,n_a                     0.043783        0.014969        0.028814        0.028814       -0.009393       -0.016645        0.000966        0.001245
n_g,n_g                     0.031055       -0.027371       -0.065042       -0.065042        0.013659       -0.029565        0.000957        0.000883
n_c,n_a                    -0.339039        0.149378       -0.488418       -0.488418       -0.040035        0.252912       -0.005995       -0.009639
n_c,n_g                    -0.009086       -0.052357        0.043271        0.043271       -0.007964       -0.019569       -0.000213       -0.000258
n_c,n_c                     0.060687        0.046052        0.014636        0.014636        0.033235       -0.011243        0.001353        0.001725
n_i,n_a                     0.354781       -0.091638        1.643457        0.446419        0.014401       -0.234420        0.041460        0.010086
n_i,n_g                     0.029630        0.048323       -0.101270       -0.018693        0.017925        0.006590        0.002992        0.000842
n_i,n_c                    -0.066243       -0.228592       -0.445147        0.162349       -0.047999       -0.071090       -0.006523       -0.001883
n_i,n_i                     0.007094        0.192173        0.771093       -0.185079        0.016163        0.086005        0.024512        0.000202
k(-1),n_a                   0.034657        0.007509        0.027148        0.027148        0.001425        0.062224       -0.001943       -0.002447
k(-1),n_g                  -0.001918       -0.000920       -0.000998       -0.000998       -0.001930        0.000606       -0.000228       -0.000226
k(-1),n_c                  -0.008329        0.021210       -0.029539       -0.029539        0.000629        0.014413        0.000249        0.000396
k(-1),n_i                   0.011699       -0.028734        0.026149        0.040433       -0.000505       -0.019750       -0.002276       -0.000499
e_a(-1),n_a                 1.747661        0.213750        1.533911        1.533911        0.022605        1.743580        0.036632        0.049684
e_a(-1),n_g                 0.041594        0.014220        0.027373        0.027373       -0.008924       -0.015813        0.000918        0.001182
e_a(-1),n_c                -0.322087        0.141909       -0.463997       -0.463997       -0.038034        0.240266       -0.005695       -0.009157
e_a(-1),n_i                 0.337042       -0.087056        1.561284        0.424098        0.013681       -0.222699        0.039387        0.009582
e_g(-1),n_a                 0.041594        0.014220        0.027373        0.027373       -0.008924       -0.015813        0.000918        0.001182
e_g(-1),n_g                 0.059005       -0.052005       -0.123580       -0.123580        0.025952       -0.056174        0.001818        0.001677
e_g(-1),n_c                -0.008631       -0.049739        0.041107        0.041107       -0.007566       -0.018591       -0.000202       -0.000245
e_g(-1),n_i                 0.028148        0.045907       -0.096207       -0.017759        0.017029        0.006260        0.002842        0.000800
e_c(-1),n_a                -0.322087        0.141909       -0.463997       -0.463997       -0.038034        0.240266       -0.005695       -0.009157
e_c(-1),n_g                -0.008631       -0.049739        0.041107        0.041107       -0.007566       -0.018591       -0.000202       -0.000245
e_c(-1),n_c                 0.115305        0.087498        0.027807        0.027807        0.063146       -0.021362        0.002570        0.003278
e_c(-1),n_i                -0.062931       -0.217163       -0.422889        0.154232       -0.045599       -0.067535       -0.006196       -0.001789
e_i(-1),n_a                 0.337042       -0.087056        1.561284        0.424098        0.013681       -0.222699        0.039387        0.009582
e_i(-1),n_g                 0.028148        0.045907       -0.096207       -0.017759        0.017029        0.006260        0.002842        0.000800
e_i(-1),n_c                -0.062931       -0.217163       -0.422889        0.154232       -0.045599       -0.067535       -0.006196       -0.001789
e_i(-1),n_i                 0.013478        0.365128        1.465077       -0.351650        0.030710        0.163410        0.046572        0.000383


APPROXIMATED THEORETICAL MOMENTS
VARIABLE         MEAN  STD. DEV.   VARIANCE
y              1.2370     0.0644     0.0041
c              0.6727     0.0363     0.0013
k             12.7197     0.9433     0.8898
i              0.3172     0.0428     0.0018
h              0.3333     0.0060     0.0000
w              2.3752     0.1185     0.0140
r              1.0102     0.0026     0.0000
z              0.0351     0.0017     0.0000



APPROXIMATED VARIANCE DECOMPOSITION (in percent)
        n_a     n_g     n_c     n_i
y     82.93    0.09    5.05   11.92
c     72.06    1.23    6.63   20.08
k     46.97    0.22   12.10   40.71
i     60.02    0.29   15.46   24.23
h     30.28    4.15   24.41   41.17
w     83.37    0.24    3.48   12.92
r     17.24    0.32    4.77   77.67
z     46.18    0.76   11.26   41.80



APPROXIMATED MATRIX OF CORRELATIONS
Variables         y       c       k       i       h       w       r       z
y            1.0000  0.7722  0.7732  0.8461  0.2915  0.9392  0.2225 -0.0753
c            0.7722  1.0000  0.8254  0.3348 -0.3827  0.9434 -0.3006 -0.4376
k            0.7732  0.8254  1.0000  0.4707 -0.1183  0.8495 -0.0293 -0.6900
i            0.8461  0.3348  0.4707  1.0000  0.7262  0.6225  0.5806  0.2435
h            0.2915 -0.3827 -0.1183  0.7262  1.0000 -0.0547  0.7761  0.5494
w            0.9392  0.9434  0.8495  0.6225 -0.0547  1.0000 -0.0463 -0.2757
r            0.2225 -0.3006 -0.0293  0.5806  0.7761 -0.0463  1.0000  0.3345
z           -0.0753 -0.4376 -0.6900  0.2435  0.5494 -0.2757  0.3345  1.0000



APPROXIMATED COEFFICIENTS OF AUTOCORRELATION
Order          1       2       3       4       5
y         0.9686  0.9381  0.9084  0.8795  0.8514
c         0.9831  0.9657  0.9479  0.9298  0.9115
k         0.9990  0.9961  0.9915  0.9853  0.9778
i         0.9307  0.8657  0.8046  0.7473  0.6935
h         0.9184  0.8421  0.7708  0.7043  0.6421
w         0.9835  0.9666  0.9492  0.9314  0.9134
r         0.9251  0.8550  0.7893  0.7277  0.6702
z         0.9618  0.9251  0.8898  0.8557  0.8230
Total computing time : 0h00m05s
