Starting preprocessing of the model file ...
Found 8 equation(s).
Evaluating expressions...done
Computing static model derivatives (order 1).
Computing dynamic model derivatives (order 2).
Processing outputs ...
done
Preprocessing completed.

STEADY-STATE RESULTS:

z 		 1
k 		 5.15908
n 		 0.181988
y 		 1.0724
c 		 0.94342
i 		 0.128977
r 		 0.010101
w 		 3.94809

MODEL SUMMARY

  Number of variables:         8
  Number of stochastic shocks: 1
  Number of state variables:   2
  Number of jumpers:           4
  Number of static variables:  4


MATRIX OF COVARIANCE OF EXOGENOUS SHOCKS
Variables          ez
ez           1.000000

POLICY AND TRANSITION FUNCTIONS
                                   z               k               n               y               c               i               r               w
Constant                    1.000000        5.158689        0.181927        1.072154        0.943572        0.128582        0.010100        3.948526
(correction)                       0       -0.000395       -0.000062       -0.000243        0.000152       -0.000395       -0.000001        0.000440
z(-1)                       0.950000        0.849350        0.163573        1.328379        0.479029        0.849350        0.043693        1.341928
k(-1)                              0        0.940478       -0.006806        0.041724        0.076247       -0.034522       -0.004859        0.301265
ez                          0.010000        0.008941        0.001722        0.013983        0.005042        0.008941        0.000460        0.014126
z(-1),z(-1)                -0.023750        0.171860       -0.081773        0.192596        0.020736        0.171860       -0.007050        1.276918
k(-1),z(-1)                        0        0.059226        0.001092        0.080148        0.020922        0.059226       -0.004425        0.050784
k(-1),k(-1)                        0       -0.000971        0.000500       -0.004367       -0.003396       -0.000971        0.000733       -0.015646
ez,ez                       0.000050        0.000066               0        0.000095        0.000029        0.000066        0.000002        0.000216
z(-1),ez                    0.009500        0.012559               0        0.018038        0.005479        0.012559        0.000312        0.041008
k(-1),ez                           0        0.000623        0.000011        0.000844        0.000220        0.000623       -0.000047        0.000535


APPROXIMATED THEORETICAL MOMENTS
VARIABLE         MEAN  STD. DEV.   VARIANCE
z              1.0005     0.0320     0.0010
k              5.1703     0.3552     0.1261
n              0.1819     0.0041     0.0000
y              1.0737     0.0564     0.0032
c              0.9445     0.0403     0.0016
i              0.1293     0.0216     0.0005
r              0.0101     0.0012     0.0000
w              3.9526     0.1430     0.0205



APPROXIMATED MATRIX OF CORRELATIONS
Variables         z       k       n       y       c       i       r       w
z            1.0000  0.7567  0.9136  0.9832  0.8841  0.9186  0.1902  0.8541
k            0.7567  1.0000  0.4255  0.8634  0.9745  0.4368 -0.4980  0.9863
n            0.9136  0.4255  1.0000  0.8240  0.6177  0.9999  0.5729  0.5689
y            0.9832  0.8634  0.8240  1.0000  0.9546  0.8310  0.0076  0.9348
c            0.8841  0.9745  0.6177  0.9546  1.0000  0.6275 -0.2907  0.9982
i            0.9186  0.4368  0.9999  0.8310  0.6275  1.0000  0.5626  0.5791
r            0.1902 -0.4980  0.5729  0.0076 -0.2907  0.5626  1.0000 -0.3482
w            0.8541  0.9863  0.5689  0.9348  0.9982  0.5791 -0.3482  1.0000



APPROXIMATED COEFFICIENTS OF AUTOCORRELATION
Order          1       2       3       4       5
z         0.9500  0.9025  0.8574  0.8145  0.7738
k         0.9984  0.9941  0.9872  0.9781  0.9671
n         0.9090  0.8250  0.7475  0.6760  0.6102
y         0.9687  0.9379  0.9076  0.8778  0.8486
c         0.9918  0.9815  0.9693  0.9556  0.9405
i         0.9100  0.8269  0.7502  0.6794  0.6141
r         0.9210  0.8477  0.7797  0.7166  0.6581
w         0.9946  0.9867  0.9768  0.9651  0.9517
Total computing time : 0h00m08s
